---------------------------------------------
Z ROUGE-1 Average_R: 0.32612 (95%-conf.int. 0.31404 - 0.33770)
Z ROUGE-1 Average_P: 0.42519 (95%-conf.int. 0.40936 - 0.44131)
Z ROUGE-1 Average_F: 0.36907 (95%-conf.int. 0.35550 - 0.38236)
.............................................
Z ROUGE-1 Eval D0701-A.Z R:0.29456 P:0.39250 F:0.33655
Z ROUGE-1 Eval D0702-A.Z R:0.31509 P:0.41337 F:0.35760
Z ROUGE-1 Eval D0703-A.Z R:0.32510 P:0.41505 F:0.36461
Z ROUGE-1 Eval D0704-A.Z R:0.24906 P:0.32353 F:0.28145
Z ROUGE-1 Eval D0705-A.Z R:0.31450 P:0.40931 F:0.35570
Z ROUGE-1 Eval D0706-A.Z R:0.34206 P:0.44417 F:0.38648
Z ROUGE-1 Eval D0707-A.Z R:0.35217 P:0.44104 F:0.39163
Z ROUGE-1 Eval D0708-A.Z R:0.28625 P:0.37624 F:0.32513
Z ROUGE-1 Eval D0709-A.Z R:0.27170 P:0.36000 F:0.30968
Z ROUGE-1 Eval D0710-A.Z R:0.34275 P:0.46429 F:0.39437
Z ROUGE-1 Eval D0711-A.Z R:0.30435 P:0.39078 F:0.34219
Z ROUGE-1 Eval D0712-A.Z R:0.39658 P:0.51225 F:0.44705
Z ROUGE-1 Eval D0713-A.Z R:0.38476 P:0.49760 F:0.43396
Z ROUGE-1 Eval D0714-A.Z R:0.40260 P:0.54250 F:0.46220
Z ROUGE-1 Eval D0715-A.Z R:0.34572 P:0.45588 F:0.39323
Z ROUGE-1 Eval D0716-A.Z R:0.33769 P:0.43510 F:0.38026
Z ROUGE-1 Eval D0717-A.Z R:0.37843 P:0.49286 F:0.42813
Z ROUGE-1 Eval D0718-A.Z R:0.27323 P:0.36386 F:0.31210
Z ROUGE-1 Eval D0719-A.Z R:0.29282 P:0.37500 F:0.32885
Z ROUGE-1 Eval D0720-A.Z R:0.32703 P:0.42822 F:0.37085
Z ROUGE-1 Eval D0721-A.Z R:0.37017 P:0.51276 F:0.42995
Z ROUGE-1 Eval D0722-A.Z R:0.35337 P:0.45755 F:0.39877
Z ROUGE-1 Eval D0723-A.Z R:0.27222 P:0.34670 F:0.30498
Z ROUGE-1 Eval D0724-A.Z R:0.35359 P:0.48000 F:0.40721
Z ROUGE-1 Eval D0725-A.Z R:0.40445 P:0.51415 F:0.45275
Z ROUGE-1 Eval D0726-A.Z R:0.29944 P:0.38592 F:0.33722
Z ROUGE-1 Eval D0727-A.Z R:0.30451 P:0.38208 F:0.33891
Z ROUGE-1 Eval D0728-A.Z R:0.32210 P:0.42574 F:0.36674
Z ROUGE-1 Eval D0729-A.Z R:0.35674 P:0.46535 F:0.40387
Z ROUGE-1 Eval D0730-A.Z R:0.35350 P:0.45388 F:0.39745
Z ROUGE-1 Eval D0731-A.Z R:0.38795 P:0.49519 F:0.43506
Z ROUGE-1 Eval D0732-A.Z R:0.31657 P:0.39720 F:0.35233
Z ROUGE-1 Eval D0733-A.Z R:0.31589 P:0.39120 F:0.34953
Z ROUGE-1 Eval D0734-A.Z R:0.25283 P:0.32524 F:0.28450
Z ROUGE-1 Eval D0735-A.Z R:0.34411 P:0.44802 F:0.38925
Z ROUGE-1 Eval D0736-A.Z R:0.23364 P:0.30637 F:0.26511
Z ROUGE-1 Eval D0737-A.Z R:0.26592 P:0.34466 F:0.30021
Z ROUGE-1 Eval D0738-A.Z R:0.35390 P:0.46875 F:0.40331
Z ROUGE-1 Eval D0739-A.Z R:0.30882 P:0.41176 F:0.35294
Z ROUGE-1 Eval D0740-A.Z R:0.32402 P:0.41827 F:0.36516
Z ROUGE-1 Eval D0741-A.Z R:0.32710 P:0.43317 F:0.37274
Z ROUGE-1 Eval D0742-A.Z R:0.37050 P:0.49048 F:0.42213
Z ROUGE-1 Eval D0743-A.Z R:0.28597 P:0.37857 F:0.32582
Z ROUGE-1 Eval D0744-A.Z R:0.33145 P:0.44000 F:0.37809
Z ROUGE-1 Eval D0745-A.Z R:0.32849 P:0.42689 F:0.37128
---------------------------------------------
Z ROUGE-2 Average_R: 0.08830 (95%-conf.int. 0.07986 - 0.09677)
Z ROUGE-2 Average_P: 0.11538 (95%-conf.int. 0.10436 - 0.12651)
Z ROUGE-2 Average_F: 0.10003 (95%-conf.int. 0.09051 - 0.10968)
.............................................
Z ROUGE-2 Eval D0701-A.Z R:0.08318 P:0.11111 F:0.09514
Z ROUGE-2 Eval D0702-A.Z R:0.04753 P:0.06250 F:0.05400
Z ROUGE-2 Eval D0703-A.Z R:0.09387 P:0.12010 F:0.10538
Z ROUGE-2 Eval D0704-A.Z R:0.05513 P:0.07178 F:0.06236
Z ROUGE-2 Eval D0705-A.Z R:0.09867 P:0.12871 F:0.11171
Z ROUGE-2 Eval D0706-A.Z R:0.11299 P:0.14706 F:0.12779
Z ROUGE-2 Eval D0707-A.Z R:0.11195 P:0.14048 F:0.12460
Z ROUGE-2 Eval D0708-A.Z R:0.06072 P:0.08000 F:0.06904
Z ROUGE-2 Eval D0709-A.Z R:0.07414 P:0.09848 F:0.08459
Z ROUGE-2 Eval D0710-A.Z R:0.07970 P:0.10825 F:0.09181
Z ROUGE-2 Eval D0711-A.Z R:0.07048 P:0.09069 F:0.07932
Z ROUGE-2 Eval D0712-A.Z R:0.13384 P:0.17327 F:0.15102
Z ROUGE-2 Eval D0713-A.Z R:0.13109 P:0.16990 F:0.14799
Z ROUGE-2 Eval D0714-A.Z R:0.11963 P:0.16162 F:0.13749
Z ROUGE-2 Eval D0715-A.Z R:0.10112 P:0.13366 F:0.11514
Z ROUGE-2 Eval D0716-A.Z R:0.11654 P:0.15049 F:0.13136
Z ROUGE-2 Eval D0717-A.Z R:0.13260 P:0.17308 F:0.15016
Z ROUGE-2 Eval D0718-A.Z R:0.06180 P:0.08250 F:0.07067
Z ROUGE-2 Eval D0719-A.Z R:0.04638 P:0.05952 F:0.05213
Z ROUGE-2 Eval D0720-A.Z R:0.09524 P:0.12500 F:0.10811
Z ROUGE-2 Eval D0721-A.Z R:0.13358 P:0.18557 F:0.15534
Z ROUGE-2 Eval D0722-A.Z R:0.09541 P:0.12381 F:0.10777
Z ROUGE-2 Eval D0723-A.Z R:0.07276 P:0.09286 F:0.08159
Z ROUGE-2 Eval D0724-A.Z R:0.05751 P:0.07828 F:0.06631
Z ROUGE-2 Eval D0725-A.Z R:0.11215 P:0.14286 F:0.12566
Z ROUGE-2 Eval D0726-A.Z R:0.06452 P:0.08333 F:0.07273
Z ROUGE-2 Eval D0727-A.Z R:0.07955 P:0.10000 F:0.08861
Z ROUGE-2 Eval D0728-A.Z R:0.06038 P:0.08000 F:0.06882
Z ROUGE-2 Eval D0729-A.Z R:0.10707 P:0.14000 F:0.12134
Z ROUGE-2 Eval D0730-A.Z R:0.06667 P:0.08578 F:0.07503
Z ROUGE-2 Eval D0731-A.Z R:0.15370 P:0.19660 F:0.17252
Z ROUGE-2 Eval D0732-A.Z R:0.05441 P:0.06840 F:0.06061
Z ROUGE-2 Eval D0733-A.Z R:0.08663 P:0.10748 F:0.09594
Z ROUGE-2 Eval D0734-A.Z R:0.04373 P:0.05637 F:0.04925
Z ROUGE-2 Eval D0735-A.Z R:0.08812 P:0.11500 F:0.09978
Z ROUGE-2 Eval D0736-A.Z R:0.04520 P:0.05941 F:0.05134
Z ROUGE-2 Eval D0737-A.Z R:0.07736 P:0.10049 F:0.08742
Z ROUGE-2 Eval D0738-A.Z R:0.06581 P:0.08738 F:0.07508
Z ROUGE-2 Eval D0739-A.Z R:0.08704 P:0.11634 F:0.09958
Z ROUGE-2 Eval D0740-A.Z R:0.09944 P:0.12864 F:0.11217
Z ROUGE-2 Eval D0741-A.Z R:0.09605 P:0.12750 F:0.10956
Z ROUGE-2 Eval D0742-A.Z R:0.16486 P:0.21875 F:0.18802
Z ROUGE-2 Eval D0743-A.Z R:0.06884 P:0.09135 F:0.07851
Z ROUGE-2 Eval D0744-A.Z R:0.07780 P:0.10354 F:0.08884
Z ROUGE-2 Eval D0745-A.Z R:0.08410 P:0.10952 F:0.09514
---------------------------------------------
Z ROUGE-3 Average_R: 0.03239 (95%-conf.int. 0.02701 - 0.03795)
Z ROUGE-3 Average_P: 0.04245 (95%-conf.int. 0.03540 - 0.04982)
Z ROUGE-3 Average_F: 0.03674 (95%-conf.int. 0.03060 - 0.04305)
.............................................
Z ROUGE-3 Eval D0701-A.Z R:0.04190 P:0.05612 F:0.04798
Z ROUGE-3 Eval D0702-A.Z R:0.00192 P:0.00253 F:0.00218
Z ROUGE-3 Eval D0703-A.Z R:0.02124 P:0.02723 F:0.02386
Z ROUGE-3 Eval D0704-A.Z R:0.00958 P:0.01250 F:0.01085
Z ROUGE-3 Eval D0705-A.Z R:0.03633 P:0.04750 F:0.04117
Z ROUGE-3 Eval D0706-A.Z R:0.04744 P:0.06188 F:0.05371
Z ROUGE-3 Eval D0707-A.Z R:0.04207 P:0.05288 F:0.04686
Z ROUGE-3 Eval D0708-A.Z R:0.01912 P:0.02525 F:0.02176
Z ROUGE-3 Eval D0709-A.Z R:0.02490 P:0.03316 F:0.02844
Z ROUGE-3 Eval D0710-A.Z R:0.02868 P:0.03906 F:0.03307
Z ROUGE-3 Eval D0711-A.Z R:0.02303 P:0.02970 F:0.02594
Z ROUGE-3 Eval D0712-A.Z R:0.06358 P:0.08250 F:0.07181
Z ROUGE-3 Eval D0713-A.Z R:0.07925 P:0.10294 F:0.08955
Z ROUGE-3 Eval D0714-A.Z R:0.05650 P:0.07653 F:0.06501
Z ROUGE-3 Eval D0715-A.Z R:0.03396 P:0.04500 F:0.03871
Z ROUGE-3 Eval D0716-A.Z R:0.03598 P:0.04657 F:0.04060
Z ROUGE-3 Eval D0717-A.Z R:0.05566 P:0.07282 F:0.06309
Z ROUGE-3 Eval D0718-A.Z R:0.01698 P:0.02273 F:0.01944
Z ROUGE-3 Eval D0719-A.Z R:0.00748 P:0.00962 F:0.00842
Z ROUGE-3 Eval D0720-A.Z R:0.03263 P:0.04293 F:0.03708
Z ROUGE-3 Eval D0721-A.Z R:0.05981 P:0.08333 F:0.06964
Z ROUGE-3 Eval D0722-A.Z R:0.04251 P:0.05529 F:0.04806
Z ROUGE-3 Eval D0723-A.Z R:0.02256 P:0.02885 F:0.02532
Z ROUGE-3 Eval D0724-A.Z R:0.01495 P:0.02041 F:0.01726
Z ROUGE-3 Eval D0725-A.Z R:0.03578 P:0.04567 F:0.04012
Z ROUGE-3 Eval D0726-A.Z R:0.01721 P:0.02228 F:0.01942
Z ROUGE-3 Eval D0727-A.Z R:0.03626 P:0.04567 F:0.04042
Z ROUGE-3 Eval D0728-A.Z R:0.00760 P:0.01010 F:0.00867
Z ROUGE-3 Eval D0729-A.Z R:0.03854 P:0.05051 F:0.04372
Z ROUGE-3 Eval D0730-A.Z R:0.02495 P:0.03218 F:0.02811
Z ROUGE-3 Eval D0731-A.Z R:0.07457 P:0.09559 F:0.08378
Z ROUGE-3 Eval D0732-A.Z R:0.01512 P:0.01905 F:0.01686
Z ROUGE-3 Eval D0733-A.Z R:0.02467 P:0.03066 F:0.02734
Z ROUGE-3 Eval D0734-A.Z R:0.00766 P:0.00990 F:0.00864
Z ROUGE-3 Eval D0735-A.Z R:0.03282 P:0.04293 F:0.03720
Z ROUGE-3 Eval D0736-A.Z R:0.01518 P:0.02000 F:0.01726
Z ROUGE-3 Eval D0737-A.Z R:0.04183 P:0.05446 F:0.04732
Z ROUGE-3 Eval D0738-A.Z R:0.00737 P:0.00980 F:0.00841
Z ROUGE-3 Eval D0739-A.Z R:0.04291 P:0.05750 F:0.04915
Z ROUGE-3 Eval D0740-A.Z R:0.04159 P:0.05392 F:0.04696
Z ROUGE-3 Eval D0741-A.Z R:0.03226 P:0.04293 F:0.03684
Z ROUGE-3 Eval D0742-A.Z R:0.08029 P:0.10680 F:0.09167
Z ROUGE-3 Eval D0743-A.Z R:0.01825 P:0.02427 F:0.02083
Z ROUGE-3 Eval D0744-A.Z R:0.02486 P:0.03316 F:0.02842
Z ROUGE-3 Eval D0745-A.Z R:0.02026 P:0.02644 F:0.02294
---------------------------------------------
Z ROUGE-4 Average_R: 0.01516 (95%-conf.int. 0.01177 - 0.01883)
Z ROUGE-4 Average_P: 0.01991 (95%-conf.int. 0.01546 - 0.02477)
Z ROUGE-4 Average_F: 0.01721 (95%-conf.int. 0.01337 - 0.02137)
.............................................
Z ROUGE-4 Eval D0701-A.Z R:0.02687 P:0.03608 F:0.03080
Z ROUGE-4 Eval D0702-A.Z R:0.00000 P:0.00000 F:0.00000
Z ROUGE-4 Eval D0703-A.Z R:0.00973 P:0.01250 F:0.01094
Z ROUGE-4 Eval D0704-A.Z R:0.00193 P:0.00253 F:0.00219
Z ROUGE-4 Eval D0705-A.Z R:0.01349 P:0.01768 F:0.01530
Z ROUGE-4 Eval D0706-A.Z R:0.03059 P:0.04000 F:0.03467
Z ROUGE-4 Eval D0707-A.Z R:0.01927 P:0.02427 F:0.02148
Z ROUGE-4 Eval D0708-A.Z R:0.00385 P:0.00510 F:0.00439
Z ROUGE-4 Eval D0709-A.Z R:0.00386 P:0.00515 F:0.00441
Z ROUGE-4 Eval D0710-A.Z R:0.01156 P:0.01579 F:0.01335
Z ROUGE-4 Eval D0711-A.Z R:0.01547 P:0.02000 F:0.01745
Z ROUGE-4 Eval D0712-A.Z R:0.03883 P:0.05051 F:0.04391
Z ROUGE-4 Eval D0713-A.Z R:0.04373 P:0.05693 F:0.04946
Z ROUGE-4 Eval D0714-A.Z R:0.03036 P:0.04124 F:0.03497
Z ROUGE-4 Eval D0715-A.Z R:0.00951 P:0.01263 F:0.01085
Z ROUGE-4 Eval D0716-A.Z R:0.01527 P:0.01980 F:0.01724
Z ROUGE-4 Eval D0717-A.Z R:0.01682 P:0.02206 F:0.01909
Z ROUGE-4 Eval D0718-A.Z R:0.00380 P:0.00510 F:0.00436
Z ROUGE-4 Eval D0719-A.Z R:0.00000 P:0.00000 F:0.00000
Z ROUGE-4 Eval D0720-A.Z R:0.00967 P:0.01276 F:0.01100
Z ROUGE-4 Eval D0721-A.Z R:0.02825 P:0.03947 F:0.03293
Z ROUGE-4 Eval D0722-A.Z R:0.02421 P:0.03155 F:0.02740
Z ROUGE-4 Eval D0723-A.Z R:0.00379 P:0.00485 F:0.00425
Z ROUGE-4 Eval D0724-A.Z R:0.00377 P:0.00515 F:0.00435
Z ROUGE-4 Eval D0725-A.Z R:0.01328 P:0.01699 F:0.01491
Z ROUGE-4 Eval D0726-A.Z R:0.00963 P:0.01250 F:0.01088
Z ROUGE-4 Eval D0727-A.Z R:0.01538 P:0.01942 F:0.01717
Z ROUGE-4 Eval D0728-A.Z R:0.00192 P:0.00255 F:0.00219
Z ROUGE-4 Eval D0729-A.Z R:0.02330 P:0.03061 F:0.02646
Z ROUGE-4 Eval D0730-A.Z R:0.01161 P:0.01500 F:0.01309
Z ROUGE-4 Eval D0731-A.Z R:0.04624 P:0.05941 F:0.05200
Z ROUGE-4 Eval D0732-A.Z R:0.00381 P:0.00481 F:0.00425
Z ROUGE-4 Eval D0733-A.Z R:0.00956 P:0.01190 F:0.01060
Z ROUGE-4 Eval D0734-A.Z R:0.00579 P:0.00750 F:0.00653
Z ROUGE-4 Eval D0735-A.Z R:0.01167 P:0.01531 F:0.01324
Z ROUGE-4 Eval D0736-A.Z R:0.00765 P:0.01010 F:0.00871
Z ROUGE-4 Eval D0737-A.Z R:0.03257 P:0.04250 F:0.03688
Z ROUGE-4 Eval D0738-A.Z R:0.00371 P:0.00495 F:0.00424
Z ROUGE-4 Eval D0739-A.Z R:0.03008 P:0.04040 F:0.03448
Z ROUGE-4 Eval D0740-A.Z R:0.02667 P:0.03465 F:0.03014
Z ROUGE-4 Eval D0741-A.Z R:0.01147 P:0.01531 F:0.01311
Z ROUGE-4 Eval D0742-A.Z R:0.03860 P:0.05147 F:0.04412
Z ROUGE-4 Eval D0743-A.Z R:0.00551 P:0.00735 F:0.00630
Z ROUGE-4 Eval D0744-A.Z R:0.00771 P:0.01031 F:0.00882
Z ROUGE-4 Eval D0745-A.Z R:0.00371 P:0.00485 F:0.00420
---------------------------------------------
Z ROUGE-L Average_R: 0.29593 (95%-conf.int. 0.28415 - 0.30723)
Z ROUGE-L Average_P: 0.38583 (95%-conf.int. 0.37052 - 0.40147)
Z ROUGE-L Average_F: 0.33491 (95%-conf.int. 0.32162 - 0.34783)
.............................................
Z ROUGE-L Eval D0701-A.Z R:0.26266 P:0.35000 F:0.30010
Z ROUGE-L Eval D0702-A.Z R:0.28491 P:0.37376 F:0.32334
Z ROUGE-L Eval D0703-A.Z R:0.30418 P:0.38835 F:0.34115
Z ROUGE-L Eval D0704-A.Z R:0.21698 P:0.28186 F:0.24520
Z ROUGE-L Eval D0705-A.Z R:0.28814 P:0.37500 F:0.32588
Z ROUGE-L Eval D0706-A.Z R:0.30280 P:0.39320 F:0.34213
Z ROUGE-L Eval D0707-A.Z R:0.33145 P:0.41509 F:0.36858
Z ROUGE-L Eval D0708-A.Z R:0.24670 P:0.32426 F:0.28021
Z ROUGE-L Eval D0709-A.Z R:0.24340 P:0.32250 F:0.27742
Z ROUGE-L Eval D0710-A.Z R:0.31262 P:0.42347 F:0.35970
Z ROUGE-L Eval D0711-A.Z R:0.27032 P:0.34709 F:0.30393
Z ROUGE-L Eval D0712-A.Z R:0.34535 P:0.44608 F:0.38930
Z ROUGE-L Eval D0713-A.Z R:0.33829 P:0.43750 F:0.38155
Z ROUGE-L Eval D0714-A.Z R:0.36735 P:0.49500 F:0.42173
Z ROUGE-L Eval D0715-A.Z R:0.31413 P:0.41422 F:0.35730
Z ROUGE-L Eval D0716-A.Z R:0.28918 P:0.37260 F:0.32563
Z ROUGE-L Eval D0717-A.Z R:0.33272 P:0.43333 F:0.37642
Z ROUGE-L Eval D0718-A.Z R:0.24349 P:0.32426 F:0.27813
Z ROUGE-L Eval D0719-A.Z R:0.26151 P:0.33491 F:0.29369
Z ROUGE-L Eval D0720-A.Z R:0.30246 P:0.39604 F:0.34298
Z ROUGE-L Eval D0721-A.Z R:0.35912 P:0.49745 F:0.41712
Z ROUGE-L Eval D0722-A.Z R:0.32605 P:0.42217 F:0.36794
Z ROUGE-L Eval D0723-A.Z R:0.25741 P:0.32783 F:0.28838
Z ROUGE-L Eval D0724-A.Z R:0.30939 P:0.42000 F:0.35631
Z ROUGE-L Eval D0725-A.Z R:0.37662 P:0.47877 F:0.42160
Z ROUGE-L Eval D0726-A.Z R:0.26742 P:0.34466 F:0.30117
Z ROUGE-L Eval D0727-A.Z R:0.27820 P:0.34906 F:0.30963
Z ROUGE-L Eval D0728-A.Z R:0.28277 P:0.37376 F:0.32196
Z ROUGE-L Eval D0729-A.Z R:0.32827 P:0.42822 F:0.37164
Z ROUGE-L Eval D0730-A.Z R:0.30435 P:0.39078 F:0.34219
Z ROUGE-L Eval D0731-A.Z R:0.37853 P:0.48317 F:0.42450
Z ROUGE-L Eval D0732-A.Z R:0.28678 P:0.35981 F:0.31917
Z ROUGE-L Eval D0733-A.Z R:0.28785 P:0.35648 F:0.31851
Z ROUGE-L Eval D0734-A.Z R:0.23396 P:0.30097 F:0.26327
Z ROUGE-L Eval D0735-A.Z R:0.32129 P:0.41832 F:0.36344
Z ROUGE-L Eval D0736-A.Z R:0.20561 P:0.26961 F:0.23330
Z ROUGE-L Eval D0737-A.Z R:0.25468 P:0.33010 F:0.28753
Z ROUGE-L Eval D0738-A.Z R:0.31942 P:0.42308 F:0.36401
Z ROUGE-L Eval D0739-A.Z R:0.28493 P:0.37990 F:0.32563
Z ROUGE-L Eval D0740-A.Z R:0.29423 P:0.37981 F:0.33159
Z ROUGE-L Eval D0741-A.Z R:0.29346 P:0.38861 F:0.33440
Z ROUGE-L Eval D0742-A.Z R:0.34892 P:0.46190 F:0.39754
Z ROUGE-L Eval D0743-A.Z R:0.25540 P:0.33810 F:0.29099
Z ROUGE-L Eval D0744-A.Z R:0.30132 P:0.40000 F:0.34372
Z ROUGE-L Eval D0745-A.Z R:0.30127 P:0.39151 F:0.34051
---------------------------------------------
Z ROUGE-W-1.2 Average_R: 0.09846 (95%-conf.int. 0.09466 - 0.10241)
Z ROUGE-W-1.2 Average_P: 0.23635 (95%-conf.int. 0.22681 - 0.24597)
Z ROUGE-W-1.2 Average_F: 0.13898 (95%-conf.int. 0.13367 - 0.14467)
.............................................
Z ROUGE-W-1.2 Eval D0701-A.Z R:0.09021 P:0.22216 F:0.12832
Z ROUGE-W-1.2 Eval D0702-A.Z R:0.09384 P:0.22959 F:0.13323
Z ROUGE-W-1.2 Eval D0703-A.Z R:0.10349 P:0.23902 F:0.14444
Z ROUGE-W-1.2 Eval D0704-A.Z R:0.06655 P:0.17807 F:0.09689
Z ROUGE-W-1.2 Eval D0705-A.Z R:0.09535 P:0.22753 F:0.13438
Z ROUGE-W-1.2 Eval D0706-A.Z R:0.10585 P:0.24477 F:0.14779
Z ROUGE-W-1.2 Eval D0707-A.Z R:0.10311 P:0.24022 F:0.14429
Z ROUGE-W-1.2 Eval D0708-A.Z R:0.08272 P:0.19606 F:0.11635
Z ROUGE-W-1.2 Eval D0709-A.Z R:0.08242 P:0.19988 F:0.11671
Z ROUGE-W-1.2 Eval D0710-A.Z R:0.10532 P:0.25833 F:0.14963
Z ROUGE-W-1.2 Eval D0711-A.Z R:0.09145 P:0.21150 F:0.12769
Z ROUGE-W-1.2 Eval D0712-A.Z R:0.11867 P:0.27956 F:0.16661
Z ROUGE-W-1.2 Eval D0713-A.Z R:0.11021 P:0.27129 F:0.15674
Z ROUGE-W-1.2 Eval D0714-A.Z R:0.12376 P:0.31178 F:0.17719
Z ROUGE-W-1.2 Eval D0715-A.Z R:0.10549 P:0.25486 F:0.14922
Z ROUGE-W-1.2 Eval D0716-A.Z R:0.09226 P:0.22349 F:0.13060
Z ROUGE-W-1.2 Eval D0717-A.Z R:0.11322 P:0.27627 F:0.16062
Z ROUGE-W-1.2 Eval D0718-A.Z R:0.08453 P:0.20209 F:0.11920
Z ROUGE-W-1.2 Eval D0719-A.Z R:0.08863 P:0.19465 F:0.12180
Z ROUGE-W-1.2 Eval D0720-A.Z R:0.09675 P:0.23912 F:0.13776
Z ROUGE-W-1.2 Eval D0721-A.Z R:0.12447 P:0.30396 F:0.17662
Z ROUGE-W-1.2 Eval D0722-A.Z R:0.10598 P:0.25394 F:0.14955
Z ROUGE-W-1.2 Eval D0723-A.Z R:0.08615 P:0.20089 F:0.12059
Z ROUGE-W-1.2 Eval D0724-A.Z R:0.10389 P:0.24644 F:0.14616
Z ROUGE-W-1.2 Eval D0725-A.Z R:0.12184 P:0.28211 F:0.17018
Z ROUGE-W-1.2 Eval D0726-A.Z R:0.08876 P:0.20723 F:0.12429
Z ROUGE-W-1.2 Eval D0727-A.Z R:0.09971 P:0.23078 F:0.13925
Z ROUGE-W-1.2 Eval D0728-A.Z R:0.09558 P:0.23123 F:0.13525
Z ROUGE-W-1.2 Eval D0729-A.Z R:0.10777 P:0.25842 F:0.15211
Z ROUGE-W-1.2 Eval D0730-A.Z R:0.09849 P:0.23932 F:0.13955
Z ROUGE-W-1.2 Eval D0731-A.Z R:0.12364 P:0.29936 F:0.17500
Z ROUGE-W-1.2 Eval D0732-A.Z R:0.09202 P:0.21450 F:0.12879
Z ROUGE-W-1.2 Eval D0733-A.Z R:0.08958 P:0.21432 F:0.12635
Z ROUGE-W-1.2 Eval D0734-A.Z R:0.07597 P:0.18609 F:0.10789
Z ROUGE-W-1.2 Eval D0735-A.Z R:0.09566 P:0.24466 F:0.13754
Z ROUGE-W-1.2 Eval D0736-A.Z R:0.07061 P:0.17094 F:0.09994
Z ROUGE-W-1.2 Eval D0737-A.Z R:0.08751 P:0.20612 F:0.12286
Z ROUGE-W-1.2 Eval D0738-A.Z R:0.10551 P:0.24831 F:0.14809
Z ROUGE-W-1.2 Eval D0739-A.Z R:0.09866 P:0.23626 F:0.13919
Z ROUGE-W-1.2 Eval D0740-A.Z R:0.09951 P:0.24145 F:0.14094
Z ROUGE-W-1.2 Eval D0741-A.Z R:0.09670 P:0.23247 F:0.13659
Z ROUGE-W-1.2 Eval D0742-A.Z R:0.12198 P:0.30204 F:0.17378
Z ROUGE-W-1.2 Eval D0743-A.Z R:0.09012 P:0.20589 F:0.12537
Z ROUGE-W-1.2 Eval D0744-A.Z R:0.10142 P:0.24638 F:0.14369
Z ROUGE-W-1.2 Eval D0745-A.Z R:0.09641 P:0.23522 F:0.13676
---------------------------------------------
Z ROUGE-SU4 Average_R: 0.12111 (95%-conf.int. 0.11353 - 0.12845)
Z ROUGE-SU4 Average_P: 0.15888 (95%-conf.int. 0.14867 - 0.16888)
Z ROUGE-SU4 Average_F: 0.13743 (95%-conf.int. 0.12884 - 0.14577)
.............................................
Z ROUGE-SU4 Eval D0701-A.Z R:0.11646 P:0.15625 F:0.13345
Z ROUGE-SU4 Eval D0702-A.Z R:0.10719 P:0.14153 F:0.12199
Z ROUGE-SU4 Eval D0703-A.Z R:0.11869 P:0.15241 F:0.13345
Z ROUGE-SU4 Eval D0704-A.Z R:0.07542 P:0.09857 F:0.08545
Z ROUGE-SU4 Eval D0705-A.Z R:0.11723 P:0.15352 F:0.13294
Z ROUGE-SU4 Eval D0706-A.Z R:0.12587 P:0.16445 F:0.14260
Z ROUGE-SU4 Eval D0707-A.Z R:0.13453 P:0.16935 F:0.14995
Z ROUGE-SU4 Eval D0708-A.Z R:0.09673 P:0.12797 F:0.11018
Z ROUGE-SU4 Eval D0709-A.Z R:0.09211 P:0.12286 F:0.10529
Z ROUGE-SU4 Eval D0710-A.Z R:0.12876 P:0.17570 F:0.14861
Z ROUGE-SU4 Eval D0711-A.Z R:0.11286 P:0.14576 F:0.12722
Z ROUGE-SU4 Eval D0712-A.Z R:0.18238 P:0.23700 F:0.20613
Z ROUGE-SU4 Eval D0713-A.Z R:0.16846 P:0.21916 F:0.19049
Z ROUGE-SU4 Eval D0714-A.Z R:0.15868 P:0.21533 F:0.18271
Z ROUGE-SU4 Eval D0715-A.Z R:0.13243 P:0.17576 F:0.15105
Z ROUGE-SU4 Eval D0716-A.Z R:0.13484 P:0.17475 F:0.15222
Z ROUGE-SU4 Eval D0717-A.Z R:0.14295 P:0.18730 F:0.16215
Z ROUGE-SU4 Eval D0718-A.Z R:0.08407 P:0.11271 F:0.09631
Z ROUGE-SU4 Eval D0719-A.Z R:0.09017 P:0.11613 F:0.10152
Z ROUGE-SU4 Eval D0720-A.Z R:0.12026 P:0.15847 F:0.13675
Z ROUGE-SU4 Eval D0721-A.Z R:0.15216 P:0.21241 F:0.17731
Z ROUGE-SU4 Eval D0722-A.Z R:0.13839 P:0.18024 F:0.15657
Z ROUGE-SU4 Eval D0723-A.Z R:0.09635 P:0.12339 F:0.10821
Z ROUGE-SU4 Eval D0724-A.Z R:0.11929 P:0.16310 F:0.13780
Z ROUGE-SU4 Eval D0725-A.Z R:0.16120 P:0.20605 F:0.18089
Z ROUGE-SU4 Eval D0726-A.Z R:0.10794 P:0.13995 F:0.12188
Z ROUGE-SU4 Eval D0727-A.Z R:0.11253 P:0.14194 F:0.12554
Z ROUGE-SU4 Eval D0728-A.Z R:0.09873 P:0.13136 F:0.11273
Z ROUGE-SU4 Eval D0729-A.Z R:0.13783 P:0.18093 F:0.15647
Z ROUGE-SU4 Eval D0730-A.Z R:0.12379 P:0.15988 F:0.13954
Z ROUGE-SU4 Eval D0731-A.Z R:0.17008 P:0.21834 F:0.19121
Z ROUGE-SU4 Eval D0732-A.Z R:0.10671 P:0.13458 F:0.11904
Z ROUGE-SU4 Eval D0733-A.Z R:0.11316 P:0.14082 F:0.12548
Z ROUGE-SU4 Eval D0734-A.Z R:0.07798 P:0.10091 F:0.08798
Z ROUGE-SU4 Eval D0735-A.Z R:0.13680 P:0.17924 F:0.15517
Z ROUGE-SU4 Eval D0736-A.Z R:0.06643 P:0.08767 F:0.07559
Z ROUGE-SU4 Eval D0737-A.Z R:0.09809 P:0.12791 F:0.11103
Z ROUGE-SU4 Eval D0738-A.Z R:0.12986 P:0.17311 F:0.14840
Z ROUGE-SU4 Eval D0739-A.Z R:0.10562 P:0.14178 F:0.12106
Z ROUGE-SU4 Eval D0740-A.Z R:0.12318 P:0.15995 F:0.13918
Z ROUGE-SU4 Eval D0741-A.Z R:0.13764 P:0.18347 F:0.15728
Z ROUGE-SU4 Eval D0742-A.Z R:0.17115 P:0.22801 F:0.19553
Z ROUGE-SU4 Eval D0743-A.Z R:0.09994 P:0.13314 F:0.11418
Z ROUGE-SU4 Eval D0744-A.Z R:0.10987 P:0.14683 F:0.12569
Z ROUGE-SU4 Eval D0745-A.Z R:0.11382 P:0.14879 F:0.12898
